[2025-07-11 05:09:26] development.INFO: Running summary command {"interactive_mode":true,"context":{"working_directory":"/Users/jordanpartridge/packages/conduit","is_git_repo":true,"git":{"current_branch":"feature/architecture-improvements","remote_url":"https://github.com/jordanpartridge/conduit.git","is_github":true,"github_owner":"jordanpartridge","github_repo":"conduit","has_uncommitted_changes":true},"project_type":null,"languages":["php"],"frameworks":[],"package_managers":["composer"],"ci_cd":["github_actions"],"containers":[]}} 
[2025-07-11 05:19:20] laravel.EMERGENCY: Unable to create configured logger. Using emergency logger. {"exception":"[object] (InvalidArgumentException(code: 0): Log [say] is not defined. at /Users/jordanpartridge/packages/conduit/vendor/illuminate/log/LogManager.php:232)
[stacktrace]
#0 /Users/jordanpartridge/packages/conduit/vendor/illuminate/log/LogManager.php(139): Illuminate\\Log\\LogManager->resolve('say', NULL)
#1 /Users/jordanpartridge/packages/conduit/vendor/illuminate/log/LogManager.php(126): Illuminate\\Log\\LogManager->get('say')
#2 /Users/jordanpartridge/packages/conduit/vendor/illuminate/log/LogManager.php(742): Illuminate\\Log\\LogManager->driver()
#3 /Users/jordanpartridge/packages/conduit/vendor/illuminate/support/Facades/Facade.php(361): Illuminate\\Log\\LogManager->info('This is an info...')
#4 /Users/jordanpartridge/packages/conduit/app/Commands/TestSayCommand.php(40): Illuminate\\Support\\Facades\\Facade::__callStatic('info', Array)
#5 /Users/jordanpartridge/packages/conduit/vendor/illuminate/container/BoundMethod.php(36): App\\Commands\\TestSayCommand->handle()
#6 /Users/jordanpartridge/packages/conduit/vendor/illuminate/container/Util.php(43): Illuminate\\Container\\BoundMethod::{closure:Illuminate\\Container\\BoundMethod::call():35}()
#7 /Users/jordanpartridge/packages/conduit/vendor/illuminate/container/BoundMethod.php(95): Illuminate\\Container\\Util::unwrapIfClosure(Object(Closure))
#8 /Users/jordanpartridge/packages/conduit/vendor/illuminate/container/BoundMethod.php(35): Illuminate\\Container\\BoundMethod::callBoundMethod(Object(LaravelZero\\Framework\\Application), Array, Object(Closure))
#9 /Users/jordanpartridge/packages/conduit/vendor/illuminate/container/Container.php(696): Illuminate\\Container\\BoundMethod::call(Object(LaravelZero\\Framework\\Application), Array, Array, NULL)
#10 /Users/jordanpartridge/packages/conduit/vendor/illuminate/console/Command.php(213): Illuminate\\Container\\Container->call(Array)
#11 /Users/jordanpartridge/packages/conduit/vendor/symfony/console/Command/Command.php(318): Illuminate\\Console\\Command->execute(Object(Symfony\\Component\\Console\\Input\\ArgvInput), Object(Illuminate\\Console\\OutputStyle))
#12 /Users/jordanpartridge/packages/conduit/vendor/illuminate/console/Command.php(182): Symfony\\Component\\Console\\Command\\Command->run(Object(Symfony\\Component\\Console\\Input\\ArgvInput), Object(Illuminate\\Console\\OutputStyle))
#13 /Users/jordanpartridge/packages/conduit/vendor/symfony/console/Application.php(1092): Illuminate\\Console\\Command->run(Object(Symfony\\Component\\Console\\Input\\ArgvInput), Object(Symfony\\Component\\Console\\Output\\ConsoleOutput))
#14 /Users/jordanpartridge/packages/conduit/vendor/symfony/console/Application.php(341): Symfony\\Component\\Console\\Application->doRunCommand(Object(App\\Commands\\TestSayCommand), Object(Symfony\\Component\\Console\\Input\\ArgvInput), Object(Symfony\\Component\\Console\\Output\\ConsoleOutput))
#15 /Users/jordanpartridge/packages/conduit/vendor/symfony/console/Application.php(192): Symfony\\Component\\Console\\Application->doRun(Object(Symfony\\Component\\Console\\Input\\ArgvInput), Object(Symfony\\Component\\Console\\Output\\ConsoleOutput))
#16 /Users/jordanpartridge/packages/conduit/vendor/laravel-zero/foundation/src/Illuminate/Foundation/Console/Kernel.php(198): Symfony\\Component\\Console\\Application->run(Object(Symfony\\Component\\Console\\Input\\ArgvInput), Object(Symfony\\Component\\Console\\Output\\ConsoleOutput))
#17 /Users/jordanpartridge/packages/conduit/vendor/laravel-zero/framework/src/Kernel.php(111): Illuminate\\Foundation\\Console\\Kernel->handle(Object(Symfony\\Component\\Console\\Input\\ArgvInput), Object(Symfony\\Component\\Console\\Output\\ConsoleOutput))
#18 /Users/jordanpartridge/packages/conduit/conduit(35): LaravelZero\\Framework\\Kernel->handle(Object(Symfony\\Component\\Console\\Input\\ArgvInput), Object(Symfony\\Component\\Console\\Output\\ConsoleOutput))
#19 {main}
"} 
[2025-07-11 05:19:20] laravel.INFO: This is an info message from say logger  
[2025-07-11 05:19:20] laravel.EMERGENCY: Unable to create configured logger. Using emergency logger. {"exception":"[object] (InvalidArgumentException(code: 0): Log [say] is not defined. at /Users/jordanpartridge/packages/conduit/vendor/illuminate/log/LogManager.php:232)
[stacktrace]
#0 /Users/jordanpartridge/packages/conduit/vendor/illuminate/log/LogManager.php(139): Illuminate\\Log\\LogManager->resolve('say', NULL)
#1 /Users/jordanpartridge/packages/conduit/vendor/illuminate/log/LogManager.php(126): Illuminate\\Log\\LogManager->get('say')
#2 /Users/jordanpartridge/packages/conduit/vendor/illuminate/log/LogManager.php(716): Illuminate\\Log\\LogManager->driver()
#3 /Users/jordanpartridge/packages/conduit/vendor/illuminate/support/Facades/Facade.php(361): Illuminate\\Log\\LogManager->warning('This is a warni...')
#4 /Users/jordanpartridge/packages/conduit/app/Commands/TestSayCommand.php(41): Illuminate\\Support\\Facades\\Facade::__callStatic('warning', Array)
#5 /Users/jordanpartridge/packages/conduit/vendor/illuminate/container/BoundMethod.php(36): App\\Commands\\TestSayCommand->handle()
#6 /Users/jordanpartridge/packages/conduit/vendor/illuminate/container/Util.php(43): Illuminate\\Container\\BoundMethod::{closure:Illuminate\\Container\\BoundMethod::call():35}()
#7 /Users/jordanpartridge/packages/conduit/vendor/illuminate/container/BoundMethod.php(95): Illuminate\\Container\\Util::unwrapIfClosure(Object(Closure))
#8 /Users/jordanpartridge/packages/conduit/vendor/illuminate/container/BoundMethod.php(35): Illuminate\\Container\\BoundMethod::callBoundMethod(Object(LaravelZero\\Framework\\Application), Array, Object(Closure))
#9 /Users/jordanpartridge/packages/conduit/vendor/illuminate/container/Container.php(696): Illuminate\\Container\\BoundMethod::call(Object(LaravelZero\\Framework\\Application), Array, Array, NULL)
#10 /Users/jordanpartridge/packages/conduit/vendor/illuminate/console/Command.php(213): Illuminate\\Container\\Container->call(Array)
#11 /Users/jordanpartridge/packages/conduit/vendor/symfony/console/Command/Command.php(318): Illuminate\\Console\\Command->execute(Object(Symfony\\Component\\Console\\Input\\ArgvInput), Object(Illuminate\\Console\\OutputStyle))
#12 /Users/jordanpartridge/packages/conduit/vendor/illuminate/console/Command.php(182): Symfony\\Component\\Console\\Command\\Command->run(Object(Symfony\\Component\\Console\\Input\\ArgvInput), Object(Illuminate\\Console\\OutputStyle))
#13 /Users/jordanpartridge/packages/conduit/vendor/symfony/console/Application.php(1092): Illuminate\\Console\\Command->run(Object(Symfony\\Component\\Console\\Input\\ArgvInput), Object(Symfony\\Component\\Console\\Output\\ConsoleOutput))
#14 /Users/jordanpartridge/packages/conduit/vendor/symfony/console/Application.php(341): Symfony\\Component\\Console\\Application->doRunCommand(Object(App\\Commands\\TestSayCommand), Object(Symfony\\Component\\Console\\Input\\ArgvInput), Object(Symfony\\Component\\Console\\Output\\ConsoleOutput))
#15 /Users/jordanpartridge/packages/conduit/vendor/symfony/console/Application.php(192): Symfony\\Component\\Console\\Application->doRun(Object(Symfony\\Component\\Console\\Input\\ArgvInput), Object(Symfony\\Component\\Console\\Output\\ConsoleOutput))
#16 /Users/jordanpartridge/packages/conduit/vendor/laravel-zero/foundation/src/Illuminate/Foundation/Console/Kernel.php(198): Symfony\\Component\\Console\\Application->run(Object(Symfony\\Component\\Console\\Input\\ArgvInput), Object(Symfony\\Component\\Console\\Output\\ConsoleOutput))
#17 /Users/jordanpartridge/packages/conduit/vendor/laravel-zero/framework/src/Kernel.php(111): Illuminate\\Foundation\\Console\\Kernel->handle(Object(Symfony\\Component\\Console\\Input\\ArgvInput), Object(Symfony\\Component\\Console\\Output\\ConsoleOutput))
#18 /Users/jordanpartridge/packages/conduit/conduit(35): LaravelZero\\Framework\\Kernel->handle(Object(Symfony\\Component\\Console\\Input\\ArgvInput), Object(Symfony\\Component\\Console\\Output\\ConsoleOutput))
#19 {main}
"} 
[2025-07-11 05:19:20] laravel.WARNING: This is a warning message  
[2025-07-11 05:19:20] laravel.EMERGENCY: Unable to create configured logger. Using emergency logger. {"exception":"[object] (InvalidArgumentException(code: 0): Log [say] is not defined. at /Users/jordanpartridge/packages/conduit/vendor/illuminate/log/LogManager.php:232)
[stacktrace]
#0 /Users/jordanpartridge/packages/conduit/vendor/illuminate/log/LogManager.php(139): Illuminate\\Log\\LogManager->resolve('say', NULL)
#1 /Users/jordanpartridge/packages/conduit/vendor/illuminate/log/LogManager.php(126): Illuminate\\Log\\LogManager->get('say')
#2 /Users/jordanpartridge/packages/conduit/vendor/illuminate/log/LogManager.php(701): Illuminate\\Log\\LogManager->driver()
#3 /Users/jordanpartridge/packages/conduit/vendor/illuminate/support/Facades/Facade.php(361): Illuminate\\Log\\LogManager->error('This is an erro...')
#4 /Users/jordanpartridge/packages/conduit/app/Commands/TestSayCommand.php(42): Illuminate\\Support\\Facades\\Facade::__callStatic('error', Array)
#5 /Users/jordanpartridge/packages/conduit/vendor/illuminate/container/BoundMethod.php(36): App\\Commands\\TestSayCommand->handle()
#6 /Users/jordanpartridge/packages/conduit/vendor/illuminate/container/Util.php(43): Illuminate\\Container\\BoundMethod::{closure:Illuminate\\Container\\BoundMethod::call():35}()
#7 /Users/jordanpartridge/packages/conduit/vendor/illuminate/container/BoundMethod.php(95): Illuminate\\Container\\Util::unwrapIfClosure(Object(Closure))
#8 /Users/jordanpartridge/packages/conduit/vendor/illuminate/container/BoundMethod.php(35): Illuminate\\Container\\BoundMethod::callBoundMethod(Object(LaravelZero\\Framework\\Application), Array, Object(Closure))
#9 /Users/jordanpartridge/packages/conduit/vendor/illuminate/container/Container.php(696): Illuminate\\Container\\BoundMethod::call(Object(LaravelZero\\Framework\\Application), Array, Array, NULL)
#10 /Users/jordanpartridge/packages/conduit/vendor/illuminate/console/Command.php(213): Illuminate\\Container\\Container->call(Array)
#11 /Users/jordanpartridge/packages/conduit/vendor/symfony/console/Command/Command.php(318): Illuminate\\Console\\Command->execute(Object(Symfony\\Component\\Console\\Input\\ArgvInput), Object(Illuminate\\Console\\OutputStyle))
#12 /Users/jordanpartridge/packages/conduit/vendor/illuminate/console/Command.php(182): Symfony\\Component\\Console\\Command\\Command->run(Object(Symfony\\Component\\Console\\Input\\ArgvInput), Object(Illuminate\\Console\\OutputStyle))
#13 /Users/jordanpartridge/packages/conduit/vendor/symfony/console/Application.php(1092): Illuminate\\Console\\Command->run(Object(Symfony\\Component\\Console\\Input\\ArgvInput), Object(Symfony\\Component\\Console\\Output\\ConsoleOutput))
#14 /Users/jordanpartridge/packages/conduit/vendor/symfony/console/Application.php(341): Symfony\\Component\\Console\\Application->doRunCommand(Object(App\\Commands\\TestSayCommand), Object(Symfony\\Component\\Console\\Input\\ArgvInput), Object(Symfony\\Component\\Console\\Output\\ConsoleOutput))
#15 /Users/jordanpartridge/packages/conduit/vendor/symfony/console/Application.php(192): Symfony\\Component\\Console\\Application->doRun(Object(Symfony\\Component\\Console\\Input\\ArgvInput), Object(Symfony\\Component\\Console\\Output\\ConsoleOutput))
#16 /Users/jordanpartridge/packages/conduit/vendor/laravel-zero/foundation/src/Illuminate/Foundation/Console/Kernel.php(198): Symfony\\Component\\Console\\Application->run(Object(Symfony\\Component\\Console\\Input\\ArgvInput), Object(Symfony\\Component\\Console\\Output\\ConsoleOutput))
#17 /Users/jordanpartridge/packages/conduit/vendor/laravel-zero/framework/src/Kernel.php(111): Illuminate\\Foundation\\Console\\Kernel->handle(Object(Symfony\\Component\\Console\\Input\\ArgvInput), Object(Symfony\\Component\\Console\\Output\\ConsoleOutput))
#18 /Users/jordanpartridge/packages/conduit/conduit(35): LaravelZero\\Framework\\Kernel->handle(Object(Symfony\\Component\\Console\\Input\\ArgvInput), Object(Symfony\\Component\\Console\\Output\\ConsoleOutput))
#19 {main}
"} 
[2025-07-11 05:19:20] laravel.ERROR: This is an error message  
[2025-07-11 05:19:54] laravel.EMERGENCY: Unable to create configured logger. Using emergency logger. {"exception":"[object] (InvalidArgumentException(code: 0): Log [say] is not defined. at /Users/jordanpartridge/packages/conduit/vendor/illuminate/log/LogManager.php:232)
[stacktrace]
#0 /Users/jordanpartridge/packages/conduit/vendor/illuminate/log/LogManager.php(139): Illuminate\\Log\\LogManager->resolve('say', NULL)
#1 /Users/jordanpartridge/packages/conduit/vendor/illuminate/log/LogManager.php(126): Illuminate\\Log\\LogManager->get('say')
#2 /Users/jordanpartridge/packages/conduit/vendor/illuminate/log/LogManager.php(742): Illuminate\\Log\\LogManager->driver()
#3 /Users/jordanpartridge/packages/conduit/vendor/illuminate/support/Facades/Facade.php(361): Illuminate\\Log\\LogManager->info('Running summary...', Array)
#4 /Users/jordanpartridge/packages/conduit/app/Commands/SummaryCommand.php(30): Illuminate\\Support\\Facades\\Facade::__callStatic('info', Array)
#5 /Users/jordanpartridge/packages/conduit/vendor/illuminate/container/BoundMethod.php(36): App\\Commands\\SummaryCommand->handle(Object(App\\Services\\ComponentManager), Object(App\\Services\\ContextDetectionService))
#6 /Users/jordanpartridge/packages/conduit/vendor/illuminate/container/Util.php(43): Illuminate\\Container\\BoundMethod::{closure:Illuminate\\Container\\BoundMethod::call():35}()
#7 /Users/jordanpartridge/packages/conduit/vendor/illuminate/container/BoundMethod.php(95): Illuminate\\Container\\Util::unwrapIfClosure(Object(Closure))
#8 /Users/jordanpartridge/packages/conduit/vendor/illuminate/container/BoundMethod.php(35): Illuminate\\Container\\BoundMethod::callBoundMethod(Object(LaravelZero\\Framework\\Application), Array, Object(Closure))
#9 /Users/jordanpartridge/packages/conduit/vendor/illuminate/container/Container.php(696): Illuminate\\Container\\BoundMethod::call(Object(LaravelZero\\Framework\\Application), Array, Array, NULL)
#10 /Users/jordanpartridge/packages/conduit/vendor/illuminate/console/Command.php(213): Illuminate\\Container\\Container->call(Array)
#11 /Users/jordanpartridge/packages/conduit/vendor/symfony/console/Command/Command.php(318): Illuminate\\Console\\Command->execute(Object(Symfony\\Component\\Console\\Input\\ArgvInput), Object(Illuminate\\Console\\OutputStyle))
#12 /Users/jordanpartridge/packages/conduit/vendor/illuminate/console/Command.php(182): Symfony\\Component\\Console\\Command\\Command->run(Object(Symfony\\Component\\Console\\Input\\ArgvInput), Object(Illuminate\\Console\\OutputStyle))
#13 /Users/jordanpartridge/packages/conduit/vendor/symfony/console/Application.php(1092): Illuminate\\Console\\Command->run(Object(Symfony\\Component\\Console\\Input\\ArgvInput), Object(Symfony\\Component\\Console\\Output\\ConsoleOutput))
#14 /Users/jordanpartridge/packages/conduit/vendor/symfony/console/Application.php(341): Symfony\\Component\\Console\\Application->doRunCommand(Object(App\\Commands\\SummaryCommand), Object(Symfony\\Component\\Console\\Input\\ArgvInput), Object(Symfony\\Component\\Console\\Output\\ConsoleOutput))
#15 /Users/jordanpartridge/packages/conduit/vendor/symfony/console/Application.php(192): Symfony\\Component\\Console\\Application->doRun(Object(Symfony\\Component\\Console\\Input\\ArgvInput), Object(Symfony\\Component\\Console\\Output\\ConsoleOutput))
#16 /Users/jordanpartridge/packages/conduit/vendor/laravel-zero/foundation/src/Illuminate/Foundation/Console/Kernel.php(198): Symfony\\Component\\Console\\Application->run(Object(Symfony\\Component\\Console\\Input\\ArgvInput), Object(Symfony\\Component\\Console\\Output\\ConsoleOutput))
#17 /Users/jordanpartridge/packages/conduit/vendor/laravel-zero/framework/src/Kernel.php(111): Illuminate\\Foundation\\Console\\Kernel->handle(Object(Symfony\\Component\\Console\\Input\\ArgvInput), Object(Symfony\\Component\\Console\\Output\\ConsoleOutput))
#18 /Users/jordanpartridge/packages/conduit/conduit(35): LaravelZero\\Framework\\Kernel->handle(Object(Symfony\\Component\\Console\\Input\\ArgvInput), Object(Symfony\\Component\\Console\\Output\\ConsoleOutput))
#19 {main}
"} 
[2025-07-11 05:19:54] laravel.INFO: Running summary command {"interactive_mode":true,"context":{"working_directory":"/Users/jordanpartridge/packages/conduit","is_git_repo":true,"git":{"current_branch":"feature/architecture-improvements","remote_url":"https://github.com/jordanpartridge/conduit.git","is_github":true,"github_owner":"jordanpartridge","github_repo":"conduit","has_uncommitted_changes":true},"project_type":null,"languages":["php"],"frameworks":[],"package_managers":["composer"],"ci_cd":["github_actions"],"containers":[]}} 
[2025-07-11 05:20:49] laravel.EMERGENCY: Unable to create configured logger. Using emergency logger. {"exception":"[object] (InvalidArgumentException(code: 0): Log [say] is not defined. at /Users/jordanpartridge/packages/conduit/vendor/illuminate/log/LogManager.php:232)
[stacktrace]
#0 /Users/jordanpartridge/packages/conduit/vendor/illuminate/log/LogManager.php(139): Illuminate\\Log\\LogManager->resolve('say', NULL)
#1 /Users/jordanpartridge/packages/conduit/vendor/illuminate/log/LogManager.php(126): Illuminate\\Log\\LogManager->get('say')
#2 /Users/jordanpartridge/packages/conduit/vendor/illuminate/log/LogManager.php(742): Illuminate\\Log\\LogManager->driver()
#3 /Users/jordanpartridge/packages/conduit/vendor/illuminate/support/Facades/Facade.php(361): Illuminate\\Log\\LogManager->info('This is an info...')
#4 /Users/jordanpartridge/packages/conduit/app/Commands/TestSayCommand.php(22): Illuminate\\Support\\Facades\\Facade::__callStatic('info', Array)
#5 /Users/jordanpartridge/packages/conduit/vendor/illuminate/container/BoundMethod.php(36): App\\Commands\\TestSayCommand->handle()
#6 /Users/jordanpartridge/packages/conduit/vendor/illuminate/container/Util.php(43): Illuminate\\Container\\BoundMethod::{closure:Illuminate\\Container\\BoundMethod::call():35}()
#7 /Users/jordanpartridge/packages/conduit/vendor/illuminate/container/BoundMethod.php(95): Illuminate\\Container\\Util::unwrapIfClosure(Object(Closure))
#8 /Users/jordanpartridge/packages/conduit/vendor/illuminate/container/BoundMethod.php(35): Illuminate\\Container\\BoundMethod::callBoundMethod(Object(LaravelZero\\Framework\\Application), Array, Object(Closure))
#9 /Users/jordanpartridge/packages/conduit/vendor/illuminate/container/Container.php(696): Illuminate\\Container\\BoundMethod::call(Object(LaravelZero\\Framework\\Application), Array, Array, NULL)
#10 /Users/jordanpartridge/packages/conduit/vendor/illuminate/console/Command.php(213): Illuminate\\Container\\Container->call(Array)
#11 /Users/jordanpartridge/packages/conduit/vendor/symfony/console/Command/Command.php(318): Illuminate\\Console\\Command->execute(Object(Symfony\\Component\\Console\\Input\\ArgvInput), Object(Illuminate\\Console\\OutputStyle))
#12 /Users/jordanpartridge/packages/conduit/vendor/illuminate/console/Command.php(182): Symfony\\Component\\Console\\Command\\Command->run(Object(Symfony\\Component\\Console\\Input\\ArgvInput), Object(Illuminate\\Console\\OutputStyle))
#13 /Users/jordanpartridge/packages/conduit/vendor/symfony/console/Application.php(1092): Illuminate\\Console\\Command->run(Object(Symfony\\Component\\Console\\Input\\ArgvInput), Object(Symfony\\Component\\Console\\Output\\ConsoleOutput))
#14 /Users/jordanpartridge/packages/conduit/vendor/symfony/console/Application.php(341): Symfony\\Component\\Console\\Application->doRunCommand(Object(App\\Commands\\TestSayCommand), Object(Symfony\\Component\\Console\\Input\\ArgvInput), Object(Symfony\\Component\\Console\\Output\\ConsoleOutput))
#15 /Users/jordanpartridge/packages/conduit/vendor/symfony/console/Application.php(192): Symfony\\Component\\Console\\Application->doRun(Object(Symfony\\Component\\Console\\Input\\ArgvInput), Object(Symfony\\Component\\Console\\Output\\ConsoleOutput))
#16 /Users/jordanpartridge/packages/conduit/vendor/laravel-zero/foundation/src/Illuminate/Foundation/Console/Kernel.php(198): Symfony\\Component\\Console\\Application->run(Object(Symfony\\Component\\Console\\Input\\ArgvInput), Object(Symfony\\Component\\Console\\Output\\ConsoleOutput))
#17 /Users/jordanpartridge/packages/conduit/vendor/laravel-zero/framework/src/Kernel.php(111): Illuminate\\Foundation\\Console\\Kernel->handle(Object(Symfony\\Component\\Console\\Input\\ArgvInput), Object(Symfony\\Component\\Console\\Output\\ConsoleOutput))
#18 /Users/jordanpartridge/packages/conduit/conduit(35): LaravelZero\\Framework\\Kernel->handle(Object(Symfony\\Component\\Console\\Input\\ArgvInput), Object(Symfony\\Component\\Console\\Output\\ConsoleOutput))
#19 {main}
"} 
[2025-07-11 05:20:49] laravel.INFO: This is an info message that should be spoken  
[2025-07-11 05:20:49] laravel.EMERGENCY: Unable to create configured logger. Using emergency logger. {"exception":"[object] (InvalidArgumentException(code: 0): Log [say] is not defined. at /Users/jordanpartridge/packages/conduit/vendor/illuminate/log/LogManager.php:232)
[stacktrace]
#0 /Users/jordanpartridge/packages/conduit/vendor/illuminate/log/LogManager.php(139): Illuminate\\Log\\LogManager->resolve('say', NULL)
#1 /Users/jordanpartridge/packages/conduit/vendor/illuminate/log/LogManager.php(126): Illuminate\\Log\\LogManager->get('say')
#2 /Users/jordanpartridge/packages/conduit/vendor/illuminate/log/LogManager.php(716): Illuminate\\Log\\LogManager->driver()
#3 /Users/jordanpartridge/packages/conduit/vendor/illuminate/support/Facades/Facade.php(361): Illuminate\\Log\\LogManager->warning('This is a warni...')
#4 /Users/jordanpartridge/packages/conduit/app/Commands/TestSayCommand.php(23): Illuminate\\Support\\Facades\\Facade::__callStatic('warning', Array)
#5 /Users/jordanpartridge/packages/conduit/vendor/illuminate/container/BoundMethod.php(36): App\\Commands\\TestSayCommand->handle()
#6 /Users/jordanpartridge/packages/conduit/vendor/illuminate/container/Util.php(43): Illuminate\\Container\\BoundMethod::{closure:Illuminate\\Container\\BoundMethod::call():35}()
#7 /Users/jordanpartridge/packages/conduit/vendor/illuminate/container/BoundMethod.php(95): Illuminate\\Container\\Util::unwrapIfClosure(Object(Closure))
#8 /Users/jordanpartridge/packages/conduit/vendor/illuminate/container/BoundMethod.php(35): Illuminate\\Container\\BoundMethod::callBoundMethod(Object(LaravelZero\\Framework\\Application), Array, Object(Closure))
#9 /Users/jordanpartridge/packages/conduit/vendor/illuminate/container/Container.php(696): Illuminate\\Container\\BoundMethod::call(Object(LaravelZero\\Framework\\Application), Array, Array, NULL)
#10 /Users/jordanpartridge/packages/conduit/vendor/illuminate/console/Command.php(213): Illuminate\\Container\\Container->call(Array)
#11 /Users/jordanpartridge/packages/conduit/vendor/symfony/console/Command/Command.php(318): Illuminate\\Console\\Command->execute(Object(Symfony\\Component\\Console\\Input\\ArgvInput), Object(Illuminate\\Console\\OutputStyle))
#12 /Users/jordanpartridge/packages/conduit/vendor/illuminate/console/Command.php(182): Symfony\\Component\\Console\\Command\\Command->run(Object(Symfony\\Component\\Console\\Input\\ArgvInput), Object(Illuminate\\Console\\OutputStyle))
#13 /Users/jordanpartridge/packages/conduit/vendor/symfony/console/Application.php(1092): Illuminate\\Console\\Command->run(Object(Symfony\\Component\\Console\\Input\\ArgvInput), Object(Symfony\\Component\\Console\\Output\\ConsoleOutput))
#14 /Users/jordanpartridge/packages/conduit/vendor/symfony/console/Application.php(341): Symfony\\Component\\Console\\Application->doRunCommand(Object(App\\Commands\\TestSayCommand), Object(Symfony\\Component\\Console\\Input\\ArgvInput), Object(Symfony\\Component\\Console\\Output\\ConsoleOutput))
#15 /Users/jordanpartridge/packages/conduit/vendor/symfony/console/Application.php(192): Symfony\\Component\\Console\\Application->doRun(Object(Symfony\\Component\\Console\\Input\\ArgvInput), Object(Symfony\\Component\\Console\\Output\\ConsoleOutput))
#16 /Users/jordanpartridge/packages/conduit/vendor/laravel-zero/foundation/src/Illuminate/Foundation/Console/Kernel.php(198): Symfony\\Component\\Console\\Application->run(Object(Symfony\\Component\\Console\\Input\\ArgvInput), Object(Symfony\\Component\\Console\\Output\\ConsoleOutput))
#17 /Users/jordanpartridge/packages/conduit/vendor/laravel-zero/framework/src/Kernel.php(111): Illuminate\\Foundation\\Console\\Kernel->handle(Object(Symfony\\Component\\Console\\Input\\ArgvInput), Object(Symfony\\Component\\Console\\Output\\ConsoleOutput))
#18 /Users/jordanpartridge/packages/conduit/conduit(35): LaravelZero\\Framework\\Kernel->handle(Object(Symfony\\Component\\Console\\Input\\ArgvInput), Object(Symfony\\Component\\Console\\Output\\ConsoleOutput))
#19 {main}
"} 
[2025-07-11 05:20:49] laravel.WARNING: This is a warning message  
[2025-07-11 05:20:49] laravel.EMERGENCY: Unable to create configured logger. Using emergency logger. {"exception":"[object] (InvalidArgumentException(code: 0): Log [say] is not defined. at /Users/jordanpartridge/packages/conduit/vendor/illuminate/log/LogManager.php:232)
[stacktrace]
#0 /Users/jordanpartridge/packages/conduit/vendor/illuminate/log/LogManager.php(139): Illuminate\\Log\\LogManager->resolve('say', NULL)
#1 /Users/jordanpartridge/packages/conduit/vendor/illuminate/log/LogManager.php(126): Illuminate\\Log\\LogManager->get('say')
#2 /Users/jordanpartridge/packages/conduit/vendor/illuminate/log/LogManager.php(701): Illuminate\\Log\\LogManager->driver()
#3 /Users/jordanpartridge/packages/conduit/vendor/illuminate/support/Facades/Facade.php(361): Illuminate\\Log\\LogManager->error('This is an erro...')
#4 /Users/jordanpartridge/packages/conduit/app/Commands/TestSayCommand.php(24): Illuminate\\Support\\Facades\\Facade::__callStatic('error', Array)
#5 /Users/jordanpartridge/packages/conduit/vendor/illuminate/container/BoundMethod.php(36): App\\Commands\\TestSayCommand->handle()
#6 /Users/jordanpartridge/packages/conduit/vendor/illuminate/container/Util.php(43): Illuminate\\Container\\BoundMethod::{closure:Illuminate\\Container\\BoundMethod::call():35}()
#7 /Users/jordanpartridge/packages/conduit/vendor/illuminate/container/BoundMethod.php(95): Illuminate\\Container\\Util::unwrapIfClosure(Object(Closure))
#8 /Users/jordanpartridge/packages/conduit/vendor/illuminate/container/BoundMethod.php(35): Illuminate\\Container\\BoundMethod::callBoundMethod(Object(LaravelZero\\Framework\\Application), Array, Object(Closure))
#9 /Users/jordanpartridge/packages/conduit/vendor/illuminate/container/Container.php(696): Illuminate\\Container\\BoundMethod::call(Object(LaravelZero\\Framework\\Application), Array, Array, NULL)
#10 /Users/jordanpartridge/packages/conduit/vendor/illuminate/console/Command.php(213): Illuminate\\Container\\Container->call(Array)
#11 /Users/jordanpartridge/packages/conduit/vendor/symfony/console/Command/Command.php(318): Illuminate\\Console\\Command->execute(Object(Symfony\\Component\\Console\\Input\\ArgvInput), Object(Illuminate\\Console\\OutputStyle))
#12 /Users/jordanpartridge/packages/conduit/vendor/illuminate/console/Command.php(182): Symfony\\Component\\Console\\Command\\Command->run(Object(Symfony\\Component\\Console\\Input\\ArgvInput), Object(Illuminate\\Console\\OutputStyle))
#13 /Users/jordanpartridge/packages/conduit/vendor/symfony/console/Application.php(1092): Illuminate\\Console\\Command->run(Object(Symfony\\Component\\Console\\Input\\ArgvInput), Object(Symfony\\Component\\Console\\Output\\ConsoleOutput))
#14 /Users/jordanpartridge/packages/conduit/vendor/symfony/console/Application.php(341): Symfony\\Component\\Console\\Application->doRunCommand(Object(App\\Commands\\TestSayCommand), Object(Symfony\\Component\\Console\\Input\\ArgvInput), Object(Symfony\\Component\\Console\\Output\\ConsoleOutput))
#15 /Users/jordanpartridge/packages/conduit/vendor/symfony/console/Application.php(192): Symfony\\Component\\Console\\Application->doRun(Object(Symfony\\Component\\Console\\Input\\ArgvInput), Object(Symfony\\Component\\Console\\Output\\ConsoleOutput))
#16 /Users/jordanpartridge/packages/conduit/vendor/laravel-zero/foundation/src/Illuminate/Foundation/Console/Kernel.php(198): Symfony\\Component\\Console\\Application->run(Object(Symfony\\Component\\Console\\Input\\ArgvInput), Object(Symfony\\Component\\Console\\Output\\ConsoleOutput))
#17 /Users/jordanpartridge/packages/conduit/vendor/laravel-zero/framework/src/Kernel.php(111): Illuminate\\Foundation\\Console\\Kernel->handle(Object(Symfony\\Component\\Console\\Input\\ArgvInput), Object(Symfony\\Component\\Console\\Output\\ConsoleOutput))
#18 /Users/jordanpartridge/packages/conduit/conduit(35): LaravelZero\\Framework\\Kernel->handle(Object(Symfony\\Component\\Console\\Input\\ArgvInput), Object(Symfony\\Component\\Console\\Output\\ConsoleOutput))
#19 {main}
"} 
[2025-07-11 05:20:49] laravel.ERROR: This is an error message  
[2025-07-11 05:21:05] laravel.EMERGENCY: Unable to create configured logger. Using emergency logger. {"exception":"[object] (InvalidArgumentException(code: 0): Log [say] is not defined. at /Users/jordanpartridge/packages/conduit/vendor/illuminate/log/LogManager.php:232)
[stacktrace]
#0 /Users/jordanpartridge/packages/conduit/vendor/illuminate/log/LogManager.php(139): Illuminate\\Log\\LogManager->resolve('say', NULL)
#1 /Users/jordanpartridge/packages/conduit/vendor/illuminate/log/LogManager.php(126): Illuminate\\Log\\LogManager->get('say')
#2 /Users/jordanpartridge/packages/conduit/vendor/illuminate/log/LogManager.php(742): Illuminate\\Log\\LogManager->driver()
#3 /Users/jordanpartridge/packages/conduit/vendor/illuminate/support/Facades/Facade.php(361): Illuminate\\Log\\LogManager->info('This is an info...')
#4 /Users/jordanpartridge/packages/conduit/app/Commands/TestSayCommand.php(26): Illuminate\\Support\\Facades\\Facade::__callStatic('info', Array)
#5 /Users/jordanpartridge/packages/conduit/vendor/illuminate/container/BoundMethod.php(36): App\\Commands\\TestSayCommand->handle()
#6 /Users/jordanpartridge/packages/conduit/vendor/illuminate/container/Util.php(43): Illuminate\\Container\\BoundMethod::{closure:Illuminate\\Container\\BoundMethod::call():35}()
#7 /Users/jordanpartridge/packages/conduit/vendor/illuminate/container/BoundMethod.php(95): Illuminate\\Container\\Util::unwrapIfClosure(Object(Closure))
#8 /Users/jordanpartridge/packages/conduit/vendor/illuminate/container/BoundMethod.php(35): Illuminate\\Container\\BoundMethod::callBoundMethod(Object(LaravelZero\\Framework\\Application), Array, Object(Closure))
#9 /Users/jordanpartridge/packages/conduit/vendor/illuminate/container/Container.php(696): Illuminate\\Container\\BoundMethod::call(Object(LaravelZero\\Framework\\Application), Array, Array, NULL)
#10 /Users/jordanpartridge/packages/conduit/vendor/illuminate/console/Command.php(213): Illuminate\\Container\\Container->call(Array)
#11 /Users/jordanpartridge/packages/conduit/vendor/symfony/console/Command/Command.php(318): Illuminate\\Console\\Command->execute(Object(Symfony\\Component\\Console\\Input\\ArgvInput), Object(Illuminate\\Console\\OutputStyle))
#12 /Users/jordanpartridge/packages/conduit/vendor/illuminate/console/Command.php(182): Symfony\\Component\\Console\\Command\\Command->run(Object(Symfony\\Component\\Console\\Input\\ArgvInput), Object(Illuminate\\Console\\OutputStyle))
#13 /Users/jordanpartridge/packages/conduit/vendor/symfony/console/Application.php(1092): Illuminate\\Console\\Command->run(Object(Symfony\\Component\\Console\\Input\\ArgvInput), Object(Symfony\\Component\\Console\\Output\\ConsoleOutput))
#14 /Users/jordanpartridge/packages/conduit/vendor/symfony/console/Application.php(341): Symfony\\Component\\Console\\Application->doRunCommand(Object(App\\Commands\\TestSayCommand), Object(Symfony\\Component\\Console\\Input\\ArgvInput), Object(Symfony\\Component\\Console\\Output\\ConsoleOutput))
#15 /Users/jordanpartridge/packages/conduit/vendor/symfony/console/Application.php(192): Symfony\\Component\\Console\\Application->doRun(Object(Symfony\\Component\\Console\\Input\\ArgvInput), Object(Symfony\\Component\\Console\\Output\\ConsoleOutput))
#16 /Users/jordanpartridge/packages/conduit/vendor/laravel-zero/foundation/src/Illuminate/Foundation/Console/Kernel.php(198): Symfony\\Component\\Console\\Application->run(Object(Symfony\\Component\\Console\\Input\\ArgvInput), Object(Symfony\\Component\\Console\\Output\\ConsoleOutput))
#17 /Users/jordanpartridge/packages/conduit/vendor/laravel-zero/framework/src/Kernel.php(111): Illuminate\\Foundation\\Console\\Kernel->handle(Object(Symfony\\Component\\Console\\Input\\ArgvInput), Object(Symfony\\Component\\Console\\Output\\ConsoleOutput))
#18 /Users/jordanpartridge/packages/conduit/conduit(35): LaravelZero\\Framework\\Kernel->handle(Object(Symfony\\Component\\Console\\Input\\ArgvInput), Object(Symfony\\Component\\Console\\Output\\ConsoleOutput))
#19 {main}
"} 
[2025-07-11 05:21:05] laravel.INFO: This is an info message that should be spoken  
[2025-07-11 05:21:05] laravel.EMERGENCY: Unable to create configured logger. Using emergency logger. {"exception":"[object] (InvalidArgumentException(code: 0): Log [say] is not defined. at /Users/jordanpartridge/packages/conduit/vendor/illuminate/log/LogManager.php:232)
[stacktrace]
#0 /Users/jordanpartridge/packages/conduit/vendor/illuminate/log/LogManager.php(139): Illuminate\\Log\\LogManager->resolve('say', NULL)
#1 /Users/jordanpartridge/packages/conduit/vendor/illuminate/log/LogManager.php(126): Illuminate\\Log\\LogManager->get('say')
#2 /Users/jordanpartridge/packages/conduit/vendor/illuminate/log/LogManager.php(716): Illuminate\\Log\\LogManager->driver()
#3 /Users/jordanpartridge/packages/conduit/vendor/illuminate/support/Facades/Facade.php(361): Illuminate\\Log\\LogManager->warning('This is a warni...')
#4 /Users/jordanpartridge/packages/conduit/app/Commands/TestSayCommand.php(27): Illuminate\\Support\\Facades\\Facade::__callStatic('warning', Array)
#5 /Users/jordanpartridge/packages/conduit/vendor/illuminate/container/BoundMethod.php(36): App\\Commands\\TestSayCommand->handle()
#6 /Users/jordanpartridge/packages/conduit/vendor/illuminate/container/Util.php(43): Illuminate\\Container\\BoundMethod::{closure:Illuminate\\Container\\BoundMethod::call():35}()
#7 /Users/jordanpartridge/packages/conduit/vendor/illuminate/container/BoundMethod.php(95): Illuminate\\Container\\Util::unwrapIfClosure(Object(Closure))
#8 /Users/jordanpartridge/packages/conduit/vendor/illuminate/container/BoundMethod.php(35): Illuminate\\Container\\BoundMethod::callBoundMethod(Object(LaravelZero\\Framework\\Application), Array, Object(Closure))
#9 /Users/jordanpartridge/packages/conduit/vendor/illuminate/container/Container.php(696): Illuminate\\Container\\BoundMethod::call(Object(LaravelZero\\Framework\\Application), Array, Array, NULL)
#10 /Users/jordanpartridge/packages/conduit/vendor/illuminate/console/Command.php(213): Illuminate\\Container\\Container->call(Array)
#11 /Users/jordanpartridge/packages/conduit/vendor/symfony/console/Command/Command.php(318): Illuminate\\Console\\Command->execute(Object(Symfony\\Component\\Console\\Input\\ArgvInput), Object(Illuminate\\Console\\OutputStyle))
#12 /Users/jordanpartridge/packages/conduit/vendor/illuminate/console/Command.php(182): Symfony\\Component\\Console\\Command\\Command->run(Object(Symfony\\Component\\Console\\Input\\ArgvInput), Object(Illuminate\\Console\\OutputStyle))
#13 /Users/jordanpartridge/packages/conduit/vendor/symfony/console/Application.php(1092): Illuminate\\Console\\Command->run(Object(Symfony\\Component\\Console\\Input\\ArgvInput), Object(Symfony\\Component\\Console\\Output\\ConsoleOutput))
#14 /Users/jordanpartridge/packages/conduit/vendor/symfony/console/Application.php(341): Symfony\\Component\\Console\\Application->doRunCommand(Object(App\\Commands\\TestSayCommand), Object(Symfony\\Component\\Console\\Input\\ArgvInput), Object(Symfony\\Component\\Console\\Output\\ConsoleOutput))
#15 /Users/jordanpartridge/packages/conduit/vendor/symfony/console/Application.php(192): Symfony\\Component\\Console\\Application->doRun(Object(Symfony\\Component\\Console\\Input\\ArgvInput), Object(Symfony\\Component\\Console\\Output\\ConsoleOutput))
#16 /Users/jordanpartridge/packages/conduit/vendor/laravel-zero/foundation/src/Illuminate/Foundation/Console/Kernel.php(198): Symfony\\Component\\Console\\Application->run(Object(Symfony\\Component\\Console\\Input\\ArgvInput), Object(Symfony\\Component\\Console\\Output\\ConsoleOutput))
#17 /Users/jordanpartridge/packages/conduit/vendor/laravel-zero/framework/src/Kernel.php(111): Illuminate\\Foundation\\Console\\Kernel->handle(Object(Symfony\\Component\\Console\\Input\\ArgvInput), Object(Symfony\\Component\\Console\\Output\\ConsoleOutput))
#18 /Users/jordanpartridge/packages/conduit/conduit(35): LaravelZero\\Framework\\Kernel->handle(Object(Symfony\\Component\\Console\\Input\\ArgvInput), Object(Symfony\\Component\\Console\\Output\\ConsoleOutput))
#19 {main}
"} 
[2025-07-11 05:21:05] laravel.WARNING: This is a warning message  
[2025-07-11 05:21:05] laravel.EMERGENCY: Unable to create configured logger. Using emergency logger. {"exception":"[object] (InvalidArgumentException(code: 0): Log [say] is not defined. at /Users/jordanpartridge/packages/conduit/vendor/illuminate/log/LogManager.php:232)
[stacktrace]
#0 /Users/jordanpartridge/packages/conduit/vendor/illuminate/log/LogManager.php(139): Illuminate\\Log\\LogManager->resolve('say', NULL)
#1 /Users/jordanpartridge/packages/conduit/vendor/illuminate/log/LogManager.php(126): Illuminate\\Log\\LogManager->get('say')
#2 /Users/jordanpartridge/packages/conduit/vendor/illuminate/log/LogManager.php(701): Illuminate\\Log\\LogManager->driver()
#3 /Users/jordanpartridge/packages/conduit/vendor/illuminate/support/Facades/Facade.php(361): Illuminate\\Log\\LogManager->error('This is an erro...')
#4 /Users/jordanpartridge/packages/conduit/app/Commands/TestSayCommand.php(28): Illuminate\\Support\\Facades\\Facade::__callStatic('error', Array)
#5 /Users/jordanpartridge/packages/conduit/vendor/illuminate/container/BoundMethod.php(36): App\\Commands\\TestSayCommand->handle()
#6 /Users/jordanpartridge/packages/conduit/vendor/illuminate/container/Util.php(43): Illuminate\\Container\\BoundMethod::{closure:Illuminate\\Container\\BoundMethod::call():35}()
#7 /Users/jordanpartridge/packages/conduit/vendor/illuminate/container/BoundMethod.php(95): Illuminate\\Container\\Util::unwrapIfClosure(Object(Closure))
#8 /Users/jordanpartridge/packages/conduit/vendor/illuminate/container/BoundMethod.php(35): Illuminate\\Container\\BoundMethod::callBoundMethod(Object(LaravelZero\\Framework\\Application), Array, Object(Closure))
#9 /Users/jordanpartridge/packages/conduit/vendor/illuminate/container/Container.php(696): Illuminate\\Container\\BoundMethod::call(Object(LaravelZero\\Framework\\Application), Array, Array, NULL)
#10 /Users/jordanpartridge/packages/conduit/vendor/illuminate/console/Command.php(213): Illuminate\\Container\\Container->call(Array)
#11 /Users/jordanpartridge/packages/conduit/vendor/symfony/console/Command/Command.php(318): Illuminate\\Console\\Command->execute(Object(Symfony\\Component\\Console\\Input\\ArgvInput), Object(Illuminate\\Console\\OutputStyle))
#12 /Users/jordanpartridge/packages/conduit/vendor/illuminate/console/Command.php(182): Symfony\\Component\\Console\\Command\\Command->run(Object(Symfony\\Component\\Console\\Input\\ArgvInput), Object(Illuminate\\Console\\OutputStyle))
#13 /Users/jordanpartridge/packages/conduit/vendor/symfony/console/Application.php(1092): Illuminate\\Console\\Command->run(Object(Symfony\\Component\\Console\\Input\\ArgvInput), Object(Symfony\\Component\\Console\\Output\\ConsoleOutput))
#14 /Users/jordanpartridge/packages/conduit/vendor/symfony/console/Application.php(341): Symfony\\Component\\Console\\Application->doRunCommand(Object(App\\Commands\\TestSayCommand), Object(Symfony\\Component\\Console\\Input\\ArgvInput), Object(Symfony\\Component\\Console\\Output\\ConsoleOutput))
#15 /Users/jordanpartridge/packages/conduit/vendor/symfony/console/Application.php(192): Symfony\\Component\\Console\\Application->doRun(Object(Symfony\\Component\\Console\\Input\\ArgvInput), Object(Symfony\\Component\\Console\\Output\\ConsoleOutput))
#16 /Users/jordanpartridge/packages/conduit/vendor/laravel-zero/foundation/src/Illuminate/Foundation/Console/Kernel.php(198): Symfony\\Component\\Console\\Application->run(Object(Symfony\\Component\\Console\\Input\\ArgvInput), Object(Symfony\\Component\\Console\\Output\\ConsoleOutput))
#17 /Users/jordanpartridge/packages/conduit/vendor/laravel-zero/framework/src/Kernel.php(111): Illuminate\\Foundation\\Console\\Kernel->handle(Object(Symfony\\Component\\Console\\Input\\ArgvInput), Object(Symfony\\Component\\Console\\Output\\ConsoleOutput))
#18 /Users/jordanpartridge/packages/conduit/conduit(35): LaravelZero\\Framework\\Kernel->handle(Object(Symfony\\Component\\Console\\Input\\ArgvInput), Object(Symfony\\Component\\Console\\Output\\ConsoleOutput))
#19 {main}
"} 
[2025-07-11 05:21:05] laravel.ERROR: This is an error message  
[2025-07-11 05:55:38] development.ERROR: GitHub token is required. Please set GITHUB_TOKEN environment variable. {"exception":"[object] (InvalidArgumentException(code: 0): GitHub token is required. Please set GITHUB_TOKEN environment variable. at /Users/jordanpartridge/packages/conduit/vendor/jordanpartridge/github-client/src/GithubClientServiceProvider.php:26)
[stacktrace]
#0 /Users/jordanpartridge/packages/conduit/vendor/illuminate/container/Container.php(952): JordanPartridge\\GithubClient\\GithubClientServiceProvider->{closure:JordanPartridge\\GithubClient\\GithubClientServiceProvider::configurePackage():22}(Object(LaravelZero\\Framework\\Application), Array)
#1 /Users/jordanpartridge/packages/conduit/vendor/illuminate/container/Container.php(832): Illuminate\\Container\\Container->build(Object(Closure))
#2 /Users/jordanpartridge/packages/conduit/vendor/laravel-zero/foundation/src/Illuminate/Foundation/Application.php(1084): Illuminate\\Container\\Container->resolve('JordanPartridge...', Array, true)
#3 /Users/jordanpartridge/packages/conduit/vendor/illuminate/container/Container.php(763): Illuminate\\Foundation\\Application->resolve('JordanPartridge...', Array)
#4 /Users/jordanpartridge/packages/conduit/vendor/laravel-zero/foundation/src/Illuminate/Foundation/Application.php(1064): Illuminate\\Container\\Container->make('JordanPartridge...', Array)
#5 /Users/jordanpartridge/packages/conduit/vendor/jordanpartridge/github-client/src/GithubClientServiceProvider.php(33): Illuminate\\Foundation\\Application->make('JordanPartridge...')
#6 /Users/jordanpartridge/packages/conduit/vendor/illuminate/container/Container.php(952): JordanPartridge\\GithubClient\\GithubClientServiceProvider->{closure:JordanPartridge\\GithubClient\\GithubClientServiceProvider::configurePackage():32}(Object(LaravelZero\\Framework\\Application), Array)
#7 /Users/jordanpartridge/packages/conduit/vendor/illuminate/container/Container.php(832): Illuminate\\Container\\Container->build(Object(Closure))
#8 /Users/jordanpartridge/packages/conduit/vendor/laravel-zero/foundation/src/Illuminate/Foundation/Application.php(1084): Illuminate\\Container\\Container->resolve('JordanPartridge...', Array, true)
#9 /Users/jordanpartridge/packages/conduit/vendor/illuminate/container/Container.php(763): Illuminate\\Foundation\\Application->resolve('JordanPartridge...', Array)
#10 /Users/jordanpartridge/packages/conduit/vendor/laravel-zero/foundation/src/Illuminate/Foundation/Application.php(1064): Illuminate\\Container\\Container->make('JordanPartridge...', Array)
#11 /Users/jordanpartridge/packages/conduit/vendor/illuminate/container/Container.php(1133): Illuminate\\Foundation\\Application->make('JordanPartridge...')
#12 /Users/jordanpartridge/packages/conduit/vendor/illuminate/container/Container.php(1043): Illuminate\\Container\\Container->resolveClass(Object(ReflectionParameter))
#13 /Users/jordanpartridge/packages/conduit/vendor/illuminate/container/Container.php(994): Illuminate\\Container\\Container->resolveDependencies(Array)
#14 /Users/jordanpartridge/packages/conduit/vendor/illuminate/container/Container.php(832): Illuminate\\Container\\Container->build('JordanPartridge...')
#15 /Users/jordanpartridge/packages/conduit/vendor/laravel-zero/foundation/src/Illuminate/Foundation/Application.php(1084): Illuminate\\Container\\Container->resolve('JordanPartridge...', Array, true)
#16 /Users/jordanpartridge/packages/conduit/vendor/illuminate/container/Container.php(763): Illuminate\\Foundation\\Application->resolve('JordanPartridge...', Array)
#17 /Users/jordanpartridge/packages/conduit/vendor/laravel-zero/foundation/src/Illuminate/Foundation/Application.php(1064): Illuminate\\Container\\Container->make('JordanPartridge...', Array)
#18 /Users/jordanpartridge/packages/conduit/vendor/illuminate/console/Application.php(262): Illuminate\\Foundation\\Application->make('JordanPartridge...')
#19 /Users/jordanpartridge/packages/conduit/vendor/illuminate/console/Application.php(276): Illuminate\\Console\\Application->resolve('JordanPartridge...')
#20 /Users/jordanpartridge/packages/conduit/vendor/illuminate/support/ServiceProvider.php(473): Illuminate\\Console\\Application->resolveCommands(Array)
#21 /Users/jordanpartridge/packages/conduit/vendor/illuminate/console/Application.php(134): Illuminate\\Support\\ServiceProvider->{closure:Illuminate\\Support\\ServiceProvider::commands():472}(Object(Illuminate\\Console\\Application))
#22 /Users/jordanpartridge/packages/conduit/vendor/illuminate/console/Application.php(81): Illuminate\\Console\\Application->bootstrap()
#23 /Users/jordanpartridge/packages/conduit/vendor/laravel-zero/foundation/src/Illuminate/Foundation/Console/Kernel.php(540): Illuminate\\Console\\Application->__construct(Object(LaravelZero\\Framework\\Application), Object(Illuminate\\Events\\Dispatcher), 'unreleased')
#24 /Users/jordanpartridge/packages/conduit/vendor/laravel-zero/framework/src/Kernel.php(153): Illuminate\\Foundation\\Console\\Kernel->getArtisan()
#25 /Users/jordanpartridge/packages/conduit/vendor/laravel-zero/framework/src/Kernel.php(122): LaravelZero\\Framework\\Kernel->bootstrap()
#26 /Users/jordanpartridge/packages/conduit/vendor/laravel-zero/framework/src/Kernel.php(109): LaravelZero\\Framework\\Kernel->ensureDefaultCommand(Object(Symfony\\Component\\Console\\Input\\ArgvInput))
#27 /Users/jordanpartridge/packages/conduit/conduit(35): LaravelZero\\Framework\\Kernel->handle(Object(Symfony\\Component\\Console\\Input\\ArgvInput), Object(Symfony\\Component\\Console\\Output\\ConsoleOutput))
#28 {main}
"} 
[2025-07-11 05:57:34] development.INFO: Testing auto-discovery installation  
[2025-07-11 05:57:52] development.INFO: Running summary command {"interactive_mode":true,"context":{"working_directory":"/Users/jordanpartridge/packages/conduit","is_git_repo":true,"git":{"current_branch":"feature/architecture-improvements","remote_url":"https://github.com/jordanpartridge/conduit.git","is_github":true,"github_owner":"jordanpartridge","github_repo":"conduit","has_uncommitted_changes":true},"project_type":null,"languages":["php"],"frameworks":[],"package_managers":["composer"],"ci_cd":["github_actions"],"containers":[]}} 
[2025-07-11 05:57:52] development.ERROR: There are no commands defined in the "package:discover" namespace. {"exception":"[object] (Symfony\\Component\\Console\\Exception\\NamespaceNotFoundException(code: 0): There are no commands defined in the \"package:discover\" namespace. at /Users/jordanpartridge/packages/conduit/vendor/symfony/console/Application.php:659)
[stacktrace]
#0 /Users/jordanpartridge/packages/conduit/vendor/symfony/console/Descriptor/ApplicationDescription.php(84): Symfony\\Component\\Console\\Application->findNamespace('package:discove...')
#1 /Users/jordanpartridge/packages/conduit/vendor/symfony/console/Descriptor/ApplicationDescription.php(61): Symfony\\Component\\Console\\Descriptor\\ApplicationDescription->inspectApplication()
#2 /Users/jordanpartridge/packages/conduit/vendor/symfony/console/Descriptor/TextDescriptor.php(185): Symfony\\Component\\Console\\Descriptor\\ApplicationDescription->getCommands()
#3 /Users/jordanpartridge/packages/conduit/vendor/symfony/console/Descriptor/Descriptor.php(40): Symfony\\Component\\Console\\Descriptor\\TextDescriptor->describeApplication(Object(Illuminate\\Console\\Application), Array)
#4 /Users/jordanpartridge/packages/conduit/vendor/symfony/console/Helper/DescriptorHelper.php(67): Symfony\\Component\\Console\\Descriptor\\Descriptor->describe(Object(Illuminate\\Console\\OutputStyle), Object(Illuminate\\Console\\Application), Array)
#5 /Users/jordanpartridge/packages/conduit/app/Commands/SummaryCommand.php(46): Symfony\\Component\\Console\\Helper\\DescriptorHelper->describe(Object(Illuminate\\Console\\OutputStyle), Object(Illuminate\\Console\\Application), Array)
#6 /Users/jordanpartridge/packages/conduit/app/Commands/SummaryCommand.php(35): App\\Commands\\SummaryCommand->showCommandList()
#7 /Users/jordanpartridge/packages/conduit/vendor/illuminate/container/BoundMethod.php(36): App\\Commands\\SummaryCommand->handle(Object(App\\Services\\ComponentManager), Object(App\\Services\\ContextDetectionService))
#8 /Users/jordanpartridge/packages/conduit/vendor/illuminate/container/Util.php(43): Illuminate\\Container\\BoundMethod::{closure:Illuminate\\Container\\BoundMethod::call():35}()
#9 /Users/jordanpartridge/packages/conduit/vendor/illuminate/container/BoundMethod.php(95): Illuminate\\Container\\Util::unwrapIfClosure(Object(Closure))
#10 /Users/jordanpartridge/packages/conduit/vendor/illuminate/container/BoundMethod.php(35): Illuminate\\Container\\BoundMethod::callBoundMethod(Object(LaravelZero\\Framework\\Application), Array, Object(Closure))
#11 /Users/jordanpartridge/packages/conduit/vendor/illuminate/container/Container.php(696): Illuminate\\Container\\BoundMethod::call(Object(LaravelZero\\Framework\\Application), Array, Array, NULL)
#12 /Users/jordanpartridge/packages/conduit/vendor/illuminate/console/Command.php(213): Illuminate\\Container\\Container->call(Array)
#13 /Users/jordanpartridge/packages/conduit/vendor/symfony/console/Command/Command.php(318): Illuminate\\Console\\Command->execute(Object(Symfony\\Component\\Console\\Input\\ArgvInput), Object(Illuminate\\Console\\OutputStyle))
#14 /Users/jordanpartridge/packages/conduit/vendor/illuminate/console/Command.php(182): Symfony\\Component\\Console\\Command\\Command->run(Object(Symfony\\Component\\Console\\Input\\ArgvInput), Object(Illuminate\\Console\\OutputStyle))
#15 /Users/jordanpartridge/packages/conduit/vendor/symfony/console/Application.php(1092): Illuminate\\Console\\Command->run(Object(Symfony\\Component\\Console\\Input\\ArgvInput), Object(Symfony\\Component\\Console\\Output\\ConsoleOutput))
#16 /Users/jordanpartridge/packages/conduit/vendor/symfony/console/Application.php(341): Symfony\\Component\\Console\\Application->doRunCommand(Object(App\\Commands\\SummaryCommand), Object(Symfony\\Component\\Console\\Input\\ArgvInput), Object(Symfony\\Component\\Console\\Output\\ConsoleOutput))
#17 /Users/jordanpartridge/packages/conduit/vendor/symfony/console/Application.php(192): Symfony\\Component\\Console\\Application->doRun(Object(Symfony\\Component\\Console\\Input\\ArgvInput), Object(Symfony\\Component\\Console\\Output\\ConsoleOutput))
#18 /Users/jordanpartridge/packages/conduit/vendor/laravel-zero/foundation/src/Illuminate/Foundation/Console/Kernel.php(198): Symfony\\Component\\Console\\Application->run(Object(Symfony\\Component\\Console\\Input\\ArgvInput), Object(Symfony\\Component\\Console\\Output\\ConsoleOutput))
#19 /Users/jordanpartridge/packages/conduit/vendor/laravel-zero/framework/src/Kernel.php(111): Illuminate\\Foundation\\Console\\Kernel->handle(Object(Symfony\\Component\\Console\\Input\\ArgvInput), Object(Symfony\\Component\\Console\\Output\\ConsoleOutput))
#20 /Users/jordanpartridge/packages/conduit/conduit(35): LaravelZero\\Framework\\Kernel->handle(Object(Symfony\\Component\\Console\\Input\\ArgvInput), Object(Symfony\\Component\\Console\\Output\\ConsoleOutput))
#21 {main}
"} 
[2025-07-11 06:05:27] development.ERROR: GitHub token is required. Please set GITHUB_TOKEN environment variable. {"exception":"[object] (InvalidArgumentException(code: 0): GitHub token is required. Please set GITHUB_TOKEN environment variable. at /Users/jordanpartridge/packages/conduit/vendor/jordanpartridge/github-client/src/GithubClientServiceProvider.php:26)
[stacktrace]
#0 /Users/jordanpartridge/packages/conduit/vendor/illuminate/container/Container.php(952): JordanPartridge\\GithubClient\\GithubClientServiceProvider->{closure:JordanPartridge\\GithubClient\\GithubClientServiceProvider::configurePackage():22}(Object(LaravelZero\\Framework\\Application), Array)
#1 /Users/jordanpartridge/packages/conduit/vendor/illuminate/container/Container.php(832): Illuminate\\Container\\Container->build(Object(Closure))
#2 /Users/jordanpartridge/packages/conduit/vendor/laravel-zero/foundation/src/Illuminate/Foundation/Application.php(1084): Illuminate\\Container\\Container->resolve('JordanPartridge...', Array, true)
#3 /Users/jordanpartridge/packages/conduit/vendor/illuminate/container/Container.php(763): Illuminate\\Foundation\\Application->resolve('JordanPartridge...', Array)
#4 /Users/jordanpartridge/packages/conduit/vendor/laravel-zero/foundation/src/Illuminate/Foundation/Application.php(1064): Illuminate\\Container\\Container->make('JordanPartridge...', Array)
#5 /Users/jordanpartridge/packages/conduit/vendor/jordanpartridge/github-client/src/GithubClientServiceProvider.php(33): Illuminate\\Foundation\\Application->make('JordanPartridge...')
#6 /Users/jordanpartridge/packages/conduit/vendor/illuminate/container/Container.php(952): JordanPartridge\\GithubClient\\GithubClientServiceProvider->{closure:JordanPartridge\\GithubClient\\GithubClientServiceProvider::configurePackage():32}(Object(LaravelZero\\Framework\\Application), Array)
#7 /Users/jordanpartridge/packages/conduit/vendor/illuminate/container/Container.php(832): Illuminate\\Container\\Container->build(Object(Closure))
#8 /Users/jordanpartridge/packages/conduit/vendor/laravel-zero/foundation/src/Illuminate/Foundation/Application.php(1084): Illuminate\\Container\\Container->resolve('JordanPartridge...', Array, true)
#9 /Users/jordanpartridge/packages/conduit/vendor/illuminate/container/Container.php(763): Illuminate\\Foundation\\Application->resolve('JordanPartridge...', Array)
#10 /Users/jordanpartridge/packages/conduit/vendor/laravel-zero/foundation/src/Illuminate/Foundation/Application.php(1064): Illuminate\\Container\\Container->make('JordanPartridge...', Array)
#11 /Users/jordanpartridge/packages/conduit/vendor/illuminate/container/Container.php(1133): Illuminate\\Foundation\\Application->make('JordanPartridge...')
#12 /Users/jordanpartridge/packages/conduit/vendor/illuminate/container/Container.php(1043): Illuminate\\Container\\Container->resolveClass(Object(ReflectionParameter))
#13 /Users/jordanpartridge/packages/conduit/vendor/illuminate/container/Container.php(994): Illuminate\\Container\\Container->resolveDependencies(Array)
#14 /Users/jordanpartridge/packages/conduit/vendor/illuminate/container/Container.php(832): Illuminate\\Container\\Container->build('JordanPartridge...')
#15 /Users/jordanpartridge/packages/conduit/vendor/laravel-zero/foundation/src/Illuminate/Foundation/Application.php(1084): Illuminate\\Container\\Container->resolve('JordanPartridge...', Array, true)
#16 /Users/jordanpartridge/packages/conduit/vendor/illuminate/container/Container.php(763): Illuminate\\Foundation\\Application->resolve('JordanPartridge...', Array)
#17 /Users/jordanpartridge/packages/conduit/vendor/laravel-zero/foundation/src/Illuminate/Foundation/Application.php(1064): Illuminate\\Container\\Container->make('JordanPartridge...', Array)
#18 /Users/jordanpartridge/packages/conduit/vendor/illuminate/console/Application.php(262): Illuminate\\Foundation\\Application->make('JordanPartridge...')
#19 /Users/jordanpartridge/packages/conduit/vendor/illuminate/console/Application.php(276): Illuminate\\Console\\Application->resolve('JordanPartridge...')
#20 /Users/jordanpartridge/packages/conduit/vendor/illuminate/support/ServiceProvider.php(473): Illuminate\\Console\\Application->resolveCommands(Array)
#21 /Users/jordanpartridge/packages/conduit/vendor/illuminate/console/Application.php(134): Illuminate\\Support\\ServiceProvider->{closure:Illuminate\\Support\\ServiceProvider::commands():472}(Object(Illuminate\\Console\\Application))
#22 /Users/jordanpartridge/packages/conduit/vendor/illuminate/console/Application.php(81): Illuminate\\Console\\Application->bootstrap()
#23 /Users/jordanpartridge/packages/conduit/vendor/laravel-zero/foundation/src/Illuminate/Foundation/Console/Kernel.php(540): Illuminate\\Console\\Application->__construct(Object(LaravelZero\\Framework\\Application), Object(Illuminate\\Events\\Dispatcher), 'unreleased')
#24 /Users/jordanpartridge/packages/conduit/vendor/laravel-zero/framework/src/Kernel.php(153): Illuminate\\Foundation\\Console\\Kernel->getArtisan()
#25 /Users/jordanpartridge/packages/conduit/vendor/laravel-zero/framework/src/Kernel.php(122): LaravelZero\\Framework\\Kernel->bootstrap()
#26 /Users/jordanpartridge/packages/conduit/vendor/laravel-zero/framework/src/Kernel.php(109): LaravelZero\\Framework\\Kernel->ensureDefaultCommand(Object(Symfony\\Component\\Console\\Input\\ArgvInput))
#27 /Users/jordanpartridge/packages/conduit/conduit(35): LaravelZero\\Framework\\Kernel->handle(Object(Symfony\\Component\\Console\\Input\\ArgvInput), Object(Symfony\\Component\\Console\\Output\\ConsoleOutput))
#28 {main}
"} 
[2025-07-11 06:17:49] development.INFO: Running summary command {"interactive_mode":true,"context":{"working_directory":"/Users/jordanpartridge/packages/conduit","is_git_repo":true,"git":{"current_branch":"feature/architecture-improvements","remote_url":"https://github.com/jordanpartridge/conduit.git","is_github":true,"github_owner":"jordanpartridge","github_repo":"conduit","has_uncommitted_changes":true},"project_type":null,"languages":["php"],"frameworks":[],"package_managers":["composer"],"ci_cd":["github_actions"],"containers":[]}} 
